<?xml version="1.0" encoding="UTF-8"?>
<!-- Generated by org.testng.reporters.JUnitXMLReporter -->
<testsuite hostname="DESKTOP-AJNPB38" ignored="0" name="Test" tests="1" failures="1" timestamp="03 Dec 2017 08:06:11 GMT" time="21.489" errors="0">
  <testcase name="testLogin" time="7.303" classname="Scripts.TestLogin">
    <failure type="java.lang.AssertionError" message="The following asserts failed:
	expected [acctiTIME-Enter Time-Track123] but found [actiTIME - Login]">
      <![CDATA[java.lang.AssertionError: The following asserts failed:
	expected [acctiTIME-Enter Time-Track123] but found [actiTIME - Login]
	at Scripts.TestLogin.testLogin(TestLogin.java:29)
... Removed 26 stack frames]]>
    </failure>
  </testcase> <!-- testLogin -->
</testsuite> <!-- Test -->
